<?xml version="1.0" encoding="UTF-8" ?>
<testsuites errors="17"
            failures="6"
            tests="17">

  <testsuite name="checklistWalkthrough"
    errors="17" failures="6" hostname="" id="" package="checklistWalkthrough" skipped="0"
    tests="17" time="28.82" timestamp="Sat, 09 Jan 2016 00:30:07 GMT">
  
    <testcase name="anonymous user - can view scratch checklist" time="3.546" assertions="4">

    

    

    

    
    </testcase>
      <system-err>
         ERROR: Unable to locate element: &quot;#protocolLibrary&quot; using: css selector
 ERROR: Unable to locate element: &quot;#searchBar&quot; using: css selector
 ERROR: Unable to locate element: &quot;#searchBar&quot; using: css selector
 ERROR: Unable to locate element: &quot;#protocolLibrary #protocolList .protocol:nth-child(1)&quot; using: css selector
 ERROR: Unable to locate element: &quot;#protocolLibrary #protocolList .protocol:nth-child(1)&quot; using: css selector
 ERROR: Unable to locate element: &quot;#protocolLibrary #protocolList .protocol:nth-child(1)&quot; using: css selector
 ERROR: Unable to locate element: &quot;#protocolDetails .clone&quot; using: css selector
 ERROR: Unable to locate element: &quot;#protocolDetails .clone&quot; using: css selector
 ERROR: Unable to locate element: &quot;#lists .listItem:nth-child(5)&quot; using: css selector
 ERROR: Unable to locate element: &quot;#checklistPage&quot; using: css selector
 ERROR: Unable to locate element: &quot;#checklistTitle&quot; using: css selector
 ERROR: Unable to locate element: &quot;#newTaskInput&quot; using: css selector
 ERROR: Unable to locate element: &quot;#checklistPage .taskItem:nth-child(1)&quot; using: css selector
      </system-err>
  
    <testcase name="anonymous user - sidebar should be hidden in portrait mode" time="0.2340" assertions="4">

    

    

    

    
    </testcase>
      <system-err>
         ERROR: Unable to locate element: &quot;#protocolLibrary&quot; using: css selector
 ERROR: Unable to locate element: &quot;#searchBar&quot; using: css selector
 ERROR: Unable to locate element: &quot;#searchBar&quot; using: css selector
 ERROR: Unable to locate element: &quot;#protocolLibrary #protocolList .protocol:nth-child(1)&quot; using: css selector
 ERROR: Unable to locate element: &quot;#protocolLibrary #protocolList .protocol:nth-child(1)&quot; using: css selector
 ERROR: Unable to locate element: &quot;#protocolLibrary #protocolList .protocol:nth-child(1)&quot; using: css selector
 ERROR: Unable to locate element: &quot;#protocolDetails .clone&quot; using: css selector
 ERROR: Unable to locate element: &quot;#protocolDetails .clone&quot; using: css selector
 ERROR: Unable to locate element: &quot;#lists .listItem:nth-child(5)&quot; using: css selector
 ERROR: Unable to locate element: &quot;#checklistPage&quot; using: css selector
 ERROR: Unable to locate element: &quot;#checklistTitle&quot; using: css selector
 ERROR: Unable to locate element: &quot;#newTaskInput&quot; using: css selector
 ERROR: Unable to locate element: &quot;#checklistPage .taskItem:nth-child(1)&quot; using: css selector
      </system-err>
  
    <testcase name="anonymous user - sidebar should be visible in landscape mode" time="0.2690" assertions="4">

    

    

    

    
    </testcase>
      <system-err>
         ERROR: Unable to locate element: &quot;#protocolLibrary&quot; using: css selector
 ERROR: Unable to locate element: &quot;#searchBar&quot; using: css selector
 ERROR: Unable to locate element: &quot;#searchBar&quot; using: css selector
 ERROR: Unable to locate element: &quot;#protocolLibrary #protocolList .protocol:nth-child(1)&quot; using: css selector
 ERROR: Unable to locate element: &quot;#protocolLibrary #protocolList .protocol:nth-child(1)&quot; using: css selector
 ERROR: Unable to locate element: &quot;#protocolLibrary #protocolList .protocol:nth-child(1)&quot; using: css selector
 ERROR: Unable to locate element: &quot;#protocolDetails .clone&quot; using: css selector
 ERROR: Unable to locate element: &quot;#protocolDetails .clone&quot; using: css selector
 ERROR: Unable to locate element: &quot;#lists .listItem:nth-child(5)&quot; using: css selector
 ERROR: Unable to locate element: &quot;#checklistPage&quot; using: css selector
 ERROR: Unable to locate element: &quot;#checklistTitle&quot; using: css selector
 ERROR: Unable to locate element: &quot;#newTaskInput&quot; using: css selector
 ERROR: Unable to locate element: &quot;#checklistPage .taskItem:nth-child(1)&quot; using: css selector
      </system-err>
  
    <testcase name="anonymous user - sidebar toggle opens and closes in portrait mode" time="1.066" assertions="7">

    

    

    

    

    

      <failure message="Testing if element &lt;#contentContainer&gt; has css property &quot;left: 270px&quot;.">    at Object.module.exports.anonymous user - sidebar toggle opens and closes in portrait mode (/Users/abigailwatson/Code/ClinicalFramework/clinical-checklists/webapp/tests/nightwatch/walkthroughs/checklistWalkthrough.js:60:17)
    at Module.call (/usr/local/lib/node_modules/starrynight/node_modules/nightwatch/lib/runner/module.js:63:34)
    at /usr/local/lib/node_modules/starrynight/node_modules/nightwatch/lib/runner/testcase.js:97:29
    at _fulfilled (/usr/local/lib/node_modules/starrynight/node_modules/nightwatch/node_modules/q/q.js:834:54)
    at self.promiseDispatch.done (/usr/local/lib/node_modules/starrynight/node_modules/nightwatch/node_modules/q/q.js:863:30)
    at Promise.promise.promiseDispatch (/usr/local/lib/node_modules/starrynight/node_modules/nightwatch/node_modules/q/q.js:796:13)
    at /usr/local/lib/node_modules/starrynight/node_modules/nightwatch/node_modules/q/q.js:556:49
    at runSingle (/usr/local/lib/node_modules/starrynight/node_modules/nightwatch/node_modules/q/q.js:137:13)
    at flush (/usr/local/lib/node_modules/starrynight/node_modules/nightwatch/node_modules/q/q.js:125:13)
    at doNTCallback0 (node.js:407:9)</failure>

    
    </testcase>
      <system-err>
         ERROR: Unable to locate element: &quot;#protocolLibrary&quot; using: css selector
 ERROR: Unable to locate element: &quot;#searchBar&quot; using: css selector
 ERROR: Unable to locate element: &quot;#searchBar&quot; using: css selector
 ERROR: Unable to locate element: &quot;#protocolLibrary #protocolList .protocol:nth-child(1)&quot; using: css selector
 ERROR: Unable to locate element: &quot;#protocolLibrary #protocolList .protocol:nth-child(1)&quot; using: css selector
 ERROR: Unable to locate element: &quot;#protocolLibrary #protocolList .protocol:nth-child(1)&quot; using: css selector
 ERROR: Unable to locate element: &quot;#protocolDetails .clone&quot; using: css selector
 ERROR: Unable to locate element: &quot;#protocolDetails .clone&quot; using: css selector
 ERROR: Unable to locate element: &quot;#lists .listItem:nth-child(5)&quot; using: css selector
 ERROR: Unable to locate element: &quot;#checklistPage&quot; using: css selector
 ERROR: Unable to locate element: &quot;#checklistTitle&quot; using: css selector
 ERROR: Unable to locate element: &quot;#newTaskInput&quot; using: css selector
 ERROR: Unable to locate element: &quot;#checklistPage .taskItem:nth-child(1)&quot; using: css selector
      </system-err>
  
    <testcase name="anonymous user - cannot access list of lists" time="0.2460" assertions="5">

    

    

    

    

    
    </testcase>
      <system-err>
         ERROR: Unable to locate element: &quot;#protocolLibrary&quot; using: css selector
 ERROR: Unable to locate element: &quot;#searchBar&quot; using: css selector
 ERROR: Unable to locate element: &quot;#searchBar&quot; using: css selector
 ERROR: Unable to locate element: &quot;#protocolLibrary #protocolList .protocol:nth-child(1)&quot; using: css selector
 ERROR: Unable to locate element: &quot;#protocolLibrary #protocolList .protocol:nth-child(1)&quot; using: css selector
 ERROR: Unable to locate element: &quot;#protocolLibrary #protocolList .protocol:nth-child(1)&quot; using: css selector
 ERROR: Unable to locate element: &quot;#protocolDetails .clone&quot; using: css selector
 ERROR: Unable to locate element: &quot;#protocolDetails .clone&quot; using: css selector
 ERROR: Unable to locate element: &quot;#lists .listItem:nth-child(5)&quot; using: css selector
 ERROR: Unable to locate element: &quot;#checklistPage&quot; using: css selector
 ERROR: Unable to locate element: &quot;#checklistTitle&quot; using: css selector
 ERROR: Unable to locate element: &quot;#newTaskInput&quot; using: css selector
 ERROR: Unable to locate element: &quot;#checklistPage .taskItem:nth-child(1)&quot; using: css selector
      </system-err>
  
    <testcase name="signed in user - can access list of lists" time="1.732" assertions="6">

    

    

    

    

    

    
    </testcase>
      <system-err>
         ERROR: Unable to locate element: &quot;#protocolLibrary&quot; using: css selector
 ERROR: Unable to locate element: &quot;#searchBar&quot; using: css selector
 ERROR: Unable to locate element: &quot;#searchBar&quot; using: css selector
 ERROR: Unable to locate element: &quot;#protocolLibrary #protocolList .protocol:nth-child(1)&quot; using: css selector
 ERROR: Unable to locate element: &quot;#protocolLibrary #protocolList .protocol:nth-child(1)&quot; using: css selector
 ERROR: Unable to locate element: &quot;#protocolLibrary #protocolList .protocol:nth-child(1)&quot; using: css selector
 ERROR: Unable to locate element: &quot;#protocolDetails .clone&quot; using: css selector
 ERROR: Unable to locate element: &quot;#protocolDetails .clone&quot; using: css selector
 ERROR: Unable to locate element: &quot;#lists .listItem:nth-child(5)&quot; using: css selector
 ERROR: Unable to locate element: &quot;#checklistPage&quot; using: css selector
 ERROR: Unable to locate element: &quot;#checklistTitle&quot; using: css selector
 ERROR: Unable to locate element: &quot;#newTaskInput&quot; using: css selector
 ERROR: Unable to locate element: &quot;#checklistPage .taskItem:nth-child(1)&quot; using: css selector
      </system-err>
  
    <testcase name="signed in user - can add new task" time="1.239" assertions="4">

    

    

    

    
    </testcase>
      <system-err>
         ERROR: Unable to locate element: &quot;#protocolLibrary&quot; using: css selector
 ERROR: Unable to locate element: &quot;#searchBar&quot; using: css selector
 ERROR: Unable to locate element: &quot;#searchBar&quot; using: css selector
 ERROR: Unable to locate element: &quot;#protocolLibrary #protocolList .protocol:nth-child(1)&quot; using: css selector
 ERROR: Unable to locate element: &quot;#protocolLibrary #protocolList .protocol:nth-child(1)&quot; using: css selector
 ERROR: Unable to locate element: &quot;#protocolLibrary #protocolList .protocol:nth-child(1)&quot; using: css selector
 ERROR: Unable to locate element: &quot;#protocolDetails .clone&quot; using: css selector
 ERROR: Unable to locate element: &quot;#protocolDetails .clone&quot; using: css selector
 ERROR: Unable to locate element: &quot;#lists .listItem:nth-child(5)&quot; using: css selector
 ERROR: Unable to locate element: &quot;#checklistPage&quot; using: css selector
 ERROR: Unable to locate element: &quot;#checklistTitle&quot; using: css selector
 ERROR: Unable to locate element: &quot;#newTaskInput&quot; using: css selector
 ERROR: Unable to locate element: &quot;#checklistPage .taskItem:nth-child(1)&quot; using: css selector
      </system-err>
  
    <testcase name="signed in user - can complete task" time="0.7540" assertions="6">

    

    

    

    

    

    
    </testcase>
      <system-err>
         ERROR: Unable to locate element: &quot;#protocolLibrary&quot; using: css selector
 ERROR: Unable to locate element: &quot;#searchBar&quot; using: css selector
 ERROR: Unable to locate element: &quot;#searchBar&quot; using: css selector
 ERROR: Unable to locate element: &quot;#protocolLibrary #protocolList .protocol:nth-child(1)&quot; using: css selector
 ERROR: Unable to locate element: &quot;#protocolLibrary #protocolList .protocol:nth-child(1)&quot; using: css selector
 ERROR: Unable to locate element: &quot;#protocolLibrary #protocolList .protocol:nth-child(1)&quot; using: css selector
 ERROR: Unable to locate element: &quot;#protocolDetails .clone&quot; using: css selector
 ERROR: Unable to locate element: &quot;#protocolDetails .clone&quot; using: css selector
 ERROR: Unable to locate element: &quot;#lists .listItem:nth-child(5)&quot; using: css selector
 ERROR: Unable to locate element: &quot;#checklistPage&quot; using: css selector
 ERROR: Unable to locate element: &quot;#checklistTitle&quot; using: css selector
 ERROR: Unable to locate element: &quot;#newTaskInput&quot; using: css selector
 ERROR: Unable to locate element: &quot;#checklistPage .taskItem:nth-child(1)&quot; using: css selector
      </system-err>
  
    <testcase name="signed in user - can delete completed task" time="0.7860" assertions="4">

    

    

    

    
    </testcase>
      <system-err>
         ERROR: Unable to locate element: &quot;#protocolLibrary&quot; using: css selector
 ERROR: Unable to locate element: &quot;#searchBar&quot; using: css selector
 ERROR: Unable to locate element: &quot;#searchBar&quot; using: css selector
 ERROR: Unable to locate element: &quot;#protocolLibrary #protocolList .protocol:nth-child(1)&quot; using: css selector
 ERROR: Unable to locate element: &quot;#protocolLibrary #protocolList .protocol:nth-child(1)&quot; using: css selector
 ERROR: Unable to locate element: &quot;#protocolLibrary #protocolList .protocol:nth-child(1)&quot; using: css selector
 ERROR: Unable to locate element: &quot;#protocolDetails .clone&quot; using: css selector
 ERROR: Unable to locate element: &quot;#protocolDetails .clone&quot; using: css selector
 ERROR: Unable to locate element: &quot;#lists .listItem:nth-child(5)&quot; using: css selector
 ERROR: Unable to locate element: &quot;#checklistPage&quot; using: css selector
 ERROR: Unable to locate element: &quot;#checklistTitle&quot; using: css selector
 ERROR: Unable to locate element: &quot;#newTaskInput&quot; using: css selector
 ERROR: Unable to locate element: &quot;#checklistPage .taskItem:nth-child(1)&quot; using: css selector
      </system-err>
  
    <testcase name="signed in user - can add list(s)" time="1.675" assertions="18">

    

    

    

    

    

    

    

    

    

    

    

    

    

    

    

    

    

    
    </testcase>
      <system-err>
         ERROR: Unable to locate element: &quot;#protocolLibrary&quot; using: css selector
 ERROR: Unable to locate element: &quot;#searchBar&quot; using: css selector
 ERROR: Unable to locate element: &quot;#searchBar&quot; using: css selector
 ERROR: Unable to locate element: &quot;#protocolLibrary #protocolList .protocol:nth-child(1)&quot; using: css selector
 ERROR: Unable to locate element: &quot;#protocolLibrary #protocolList .protocol:nth-child(1)&quot; using: css selector
 ERROR: Unable to locate element: &quot;#protocolLibrary #protocolList .protocol:nth-child(1)&quot; using: css selector
 ERROR: Unable to locate element: &quot;#protocolDetails .clone&quot; using: css selector
 ERROR: Unable to locate element: &quot;#protocolDetails .clone&quot; using: css selector
 ERROR: Unable to locate element: &quot;#lists .listItem:nth-child(5)&quot; using: css selector
 ERROR: Unable to locate element: &quot;#checklistPage&quot; using: css selector
 ERROR: Unable to locate element: &quot;#checklistTitle&quot; using: css selector
 ERROR: Unable to locate element: &quot;#newTaskInput&quot; using: css selector
 ERROR: Unable to locate element: &quot;#checklistPage .taskItem:nth-child(1)&quot; using: css selector
      </system-err>
  
    <testcase name="signed in user - can delete own list" time="1.984" assertions="13">

    

    

    

    

    

    

    

    

    

    

    

    

    
    </testcase>
      <system-err>
         ERROR: Unable to locate element: &quot;#protocolLibrary&quot; using: css selector
 ERROR: Unable to locate element: &quot;#searchBar&quot; using: css selector
 ERROR: Unable to locate element: &quot;#searchBar&quot; using: css selector
 ERROR: Unable to locate element: &quot;#protocolLibrary #protocolList .protocol:nth-child(1)&quot; using: css selector
 ERROR: Unable to locate element: &quot;#protocolLibrary #protocolList .protocol:nth-child(1)&quot; using: css selector
 ERROR: Unable to locate element: &quot;#protocolLibrary #protocolList .protocol:nth-child(1)&quot; using: css selector
 ERROR: Unable to locate element: &quot;#protocolDetails .clone&quot; using: css selector
 ERROR: Unable to locate element: &quot;#protocolDetails .clone&quot; using: css selector
 ERROR: Unable to locate element: &quot;#lists .listItem:nth-child(5)&quot; using: css selector
 ERROR: Unable to locate element: &quot;#checklistPage&quot; using: css selector
 ERROR: Unable to locate element: &quot;#checklistTitle&quot; using: css selector
 ERROR: Unable to locate element: &quot;#newTaskInput&quot; using: css selector
 ERROR: Unable to locate element: &quot;#checklistPage .taskItem:nth-child(1)&quot; using: css selector
      </system-err>
  
    <testcase name="signed in user - can edit own list(s)" time="1.239" assertions="11">

    

    

    

    

    

    

    

      <failure message="Testing if element &lt;#configListModal #saveListButton&gt; is hidden.">    at Object.module.exports.signed in user - can edit own list(s) (/Users/abigailwatson/Code/ClinicalFramework/clinical-checklists/webapp/tests/nightwatch/walkthroughs/checklistWalkthrough.js:185:15)
    at Module.call (/usr/local/lib/node_modules/starrynight/node_modules/nightwatch/lib/runner/module.js:63:34)
    at /usr/local/lib/node_modules/starrynight/node_modules/nightwatch/lib/runner/testcase.js:97:29
    at _fulfilled (/usr/local/lib/node_modules/starrynight/node_modules/nightwatch/node_modules/q/q.js:834:54)
    at self.promiseDispatch.done (/usr/local/lib/node_modules/starrynight/node_modules/nightwatch/node_modules/q/q.js:863:30)
    at Promise.promise.promiseDispatch (/usr/local/lib/node_modules/starrynight/node_modules/nightwatch/node_modules/q/q.js:796:13)
    at /usr/local/lib/node_modules/starrynight/node_modules/nightwatch/node_modules/q/q.js:556:49
    at runSingle (/usr/local/lib/node_modules/starrynight/node_modules/nightwatch/node_modules/q/q.js:137:13)
    at flush (/usr/local/lib/node_modules/starrynight/node_modules/nightwatch/node_modules/q/q.js:125:13)
    at doNTCallback0 (node.js:407:9)</failure>

    

    

    
    </testcase>
      <system-err>
         ERROR: Unable to locate element: &quot;#protocolLibrary&quot; using: css selector
 ERROR: Unable to locate element: &quot;#searchBar&quot; using: css selector
 ERROR: Unable to locate element: &quot;#searchBar&quot; using: css selector
 ERROR: Unable to locate element: &quot;#protocolLibrary #protocolList .protocol:nth-child(1)&quot; using: css selector
 ERROR: Unable to locate element: &quot;#protocolLibrary #protocolList .protocol:nth-child(1)&quot; using: css selector
 ERROR: Unable to locate element: &quot;#protocolLibrary #protocolList .protocol:nth-child(1)&quot; using: css selector
 ERROR: Unable to locate element: &quot;#protocolDetails .clone&quot; using: css selector
 ERROR: Unable to locate element: &quot;#protocolDetails .clone&quot; using: css selector
 ERROR: Unable to locate element: &quot;#lists .listItem:nth-child(5)&quot; using: css selector
 ERROR: Unable to locate element: &quot;#checklistPage&quot; using: css selector
 ERROR: Unable to locate element: &quot;#checklistTitle&quot; using: css selector
 ERROR: Unable to locate element: &quot;#newTaskInput&quot; using: css selector
 ERROR: Unable to locate element: &quot;#checklistPage .taskItem:nth-child(1)&quot; using: css selector
      </system-err>
  
    <testcase name="signed in user - can display list library" time="1.630" assertions="2">

      <failure message="Testing if element &lt;#protocolLibrary&gt; is visible. Element could not be located.">    at Object.module.exports.signed in user - can display list library (/Users/abigailwatson/Code/ClinicalFramework/clinical-checklists/webapp/tests/nightwatch/walkthroughs/checklistWalkthrough.js:194:15)
    at Module.call (/usr/local/lib/node_modules/starrynight/node_modules/nightwatch/lib/runner/module.js:63:34)
    at /usr/local/lib/node_modules/starrynight/node_modules/nightwatch/lib/runner/testcase.js:97:29
    at _fulfilled (/usr/local/lib/node_modules/starrynight/node_modules/nightwatch/node_modules/q/q.js:834:54)
    at self.promiseDispatch.done (/usr/local/lib/node_modules/starrynight/node_modules/nightwatch/node_modules/q/q.js:863:30)
    at Promise.promise.promiseDispatch (/usr/local/lib/node_modules/starrynight/node_modules/nightwatch/node_modules/q/q.js:796:13)
    at /usr/local/lib/node_modules/starrynight/node_modules/nightwatch/node_modules/q/q.js:556:49
    at runSingle (/usr/local/lib/node_modules/starrynight/node_modules/nightwatch/node_modules/q/q.js:137:13)
    at flush (/usr/local/lib/node_modules/starrynight/node_modules/nightwatch/node_modules/q/q.js:125:13)
    at doNTCallback0 (node.js:407:9)</failure>

    
    </testcase>
      <system-err>
         ERROR: Unable to locate element: &quot;#protocolLibrary&quot; using: css selector
 ERROR: Unable to locate element: &quot;#searchBar&quot; using: css selector
 ERROR: Unable to locate element: &quot;#searchBar&quot; using: css selector
 ERROR: Unable to locate element: &quot;#protocolLibrary #protocolList .protocol:nth-child(1)&quot; using: css selector
 ERROR: Unable to locate element: &quot;#protocolLibrary #protocolList .protocol:nth-child(1)&quot; using: css selector
 ERROR: Unable to locate element: &quot;#protocolLibrary #protocolList .protocol:nth-child(1)&quot; using: css selector
 ERROR: Unable to locate element: &quot;#protocolDetails .clone&quot; using: css selector
 ERROR: Unable to locate element: &quot;#protocolDetails .clone&quot; using: css selector
 ERROR: Unable to locate element: &quot;#lists .listItem:nth-child(5)&quot; using: css selector
 ERROR: Unable to locate element: &quot;#checklistPage&quot; using: css selector
 ERROR: Unable to locate element: &quot;#checklistTitle&quot; using: css selector
 ERROR: Unable to locate element: &quot;#newTaskInput&quot; using: css selector
 ERROR: Unable to locate element: &quot;#checklistPage .taskItem:nth-child(1)&quot; using: css selector
      </system-err>
  
    <testcase name="signed in user - can see public lists in library" time="3.743" assertions="3">  <failure message="Testing if element &lt;#searchBar&gt; is visible. Element could not be located.">    at Object.module.exports.signed in user - can see public lists in library (/Users/abigailwatson/Code/ClinicalFramework/clinical-checklists/webapp/tests/nightwatch/walkthroughs/checklistWalkthrough.js:198:15)
    at Module.call (/usr/local/lib/node_modules/starrynight/node_modules/nightwatch/lib/runner/module.js:63:34)
    at /usr/local/lib/node_modules/starrynight/node_modules/nightwatch/lib/runner/testcase.js:97:29
    at _fulfilled (/usr/local/lib/node_modules/starrynight/node_modules/nightwatch/node_modules/q/q.js:834:54)
    at self.promiseDispatch.done (/usr/local/lib/node_modules/starrynight/node_modules/nightwatch/node_modules/q/q.js:863:30)
    at Promise.promise.promiseDispatch (/usr/local/lib/node_modules/starrynight/node_modules/nightwatch/node_modules/q/q.js:796:13)
    at /usr/local/lib/node_modules/starrynight/node_modules/nightwatch/node_modules/q/q.js:556:49
    at runSingle (/usr/local/lib/node_modules/starrynight/node_modules/nightwatch/node_modules/q/q.js:137:13)
    at flush (/usr/local/lib/node_modules/starrynight/node_modules/nightwatch/node_modules/q/q.js:125:13)
    at doNTCallback0 (node.js:407:9)</failure>

      <failure message="Testing if element &lt;#protocolLibrary #protocolList .protocol:nth-child(1)&gt; is visible. Element could not be located.">    at Object.module.exports.signed in user - can see public lists in library (/Users/abigailwatson/Code/ClinicalFramework/clinical-checklists/webapp/tests/nightwatch/walkthroughs/checklistWalkthrough.js:200:15)
    at Module.call (/usr/local/lib/node_modules/starrynight/node_modules/nightwatch/lib/runner/module.js:63:34)
    at /usr/local/lib/node_modules/starrynight/node_modules/nightwatch/lib/runner/testcase.js:97:29
    at _fulfilled (/usr/local/lib/node_modules/starrynight/node_modules/nightwatch/node_modules/q/q.js:834:54)
    at self.promiseDispatch.done (/usr/local/lib/node_modules/starrynight/node_modules/nightwatch/node_modules/q/q.js:863:30)
    at Promise.promise.promiseDispatch (/usr/local/lib/node_modules/starrynight/node_modules/nightwatch/node_modules/q/q.js:796:13)
    at /usr/local/lib/node_modules/starrynight/node_modules/nightwatch/node_modules/q/q.js:556:49
    at runSingle (/usr/local/lib/node_modules/starrynight/node_modules/nightwatch/node_modules/q/q.js:137:13)
    at flush (/usr/local/lib/node_modules/starrynight/node_modules/nightwatch/node_modules/q/q.js:125:13)
    at doNTCallback0 (node.js:407:9)</failure>

      <failure message="Testing if element &lt;#protocolLibrary #protocolList .protocol:nth-child(1)&gt; contains text: &quot;Joe&#39;s Public List&quot;. Element could not be located.">    at Object.module.exports.signed in user - can see public lists in library (/Users/abigailwatson/Code/ClinicalFramework/clinical-checklists/webapp/tests/nightwatch/walkthroughs/checklistWalkthrough.js:201:15)
    at Module.call (/usr/local/lib/node_modules/starrynight/node_modules/nightwatch/lib/runner/module.js:63:34)
    at /usr/local/lib/node_modules/starrynight/node_modules/nightwatch/lib/runner/testcase.js:97:29
    at _fulfilled (/usr/local/lib/node_modules/starrynight/node_modules/nightwatch/node_modules/q/q.js:834:54)
    at self.promiseDispatch.done (/usr/local/lib/node_modules/starrynight/node_modules/nightwatch/node_modules/q/q.js:863:30)
    at Promise.promise.promiseDispatch (/usr/local/lib/node_modules/starrynight/node_modules/nightwatch/node_modules/q/q.js:796:13)
    at /usr/local/lib/node_modules/starrynight/node_modules/nightwatch/node_modules/q/q.js:556:49
    at runSingle (/usr/local/lib/node_modules/starrynight/node_modules/nightwatch/node_modules/q/q.js:137:13)
    at flush (/usr/local/lib/node_modules/starrynight/node_modules/nightwatch/node_modules/q/q.js:125:13)
    at doNTCallback0 (node.js:407:9)</failure>

    
    </testcase>
      <system-err>
         ERROR: Unable to locate element: &quot;#protocolLibrary&quot; using: css selector
 ERROR: Unable to locate element: &quot;#searchBar&quot; using: css selector
 ERROR: Unable to locate element: &quot;#searchBar&quot; using: css selector
 ERROR: Unable to locate element: &quot;#protocolLibrary #protocolList .protocol:nth-child(1)&quot; using: css selector
 ERROR: Unable to locate element: &quot;#protocolLibrary #protocolList .protocol:nth-child(1)&quot; using: css selector
 ERROR: Unable to locate element: &quot;#protocolLibrary #protocolList .protocol:nth-child(1)&quot; using: css selector
 ERROR: Unable to locate element: &quot;#protocolDetails .clone&quot; using: css selector
 ERROR: Unable to locate element: &quot;#protocolDetails .clone&quot; using: css selector
 ERROR: Unable to locate element: &quot;#lists .listItem:nth-child(5)&quot; using: css selector
 ERROR: Unable to locate element: &quot;#checklistPage&quot; using: css selector
 ERROR: Unable to locate element: &quot;#checklistTitle&quot; using: css selector
 ERROR: Unable to locate element: &quot;#newTaskInput&quot; using: css selector
 ERROR: Unable to locate element: &quot;#checklistPage .taskItem:nth-child(1)&quot; using: css selector
      </system-err>
  
    <testcase name="signed in user - can not see private lists in library" time="0.02100" assertions="1">

    
    </testcase>
      <system-err>
         ERROR: Unable to locate element: &quot;#protocolLibrary&quot; using: css selector
 ERROR: Unable to locate element: &quot;#searchBar&quot; using: css selector
 ERROR: Unable to locate element: &quot;#searchBar&quot; using: css selector
 ERROR: Unable to locate element: &quot;#protocolLibrary #protocolList .protocol:nth-child(1)&quot; using: css selector
 ERROR: Unable to locate element: &quot;#protocolLibrary #protocolList .protocol:nth-child(1)&quot; using: css selector
 ERROR: Unable to locate element: &quot;#protocolLibrary #protocolList .protocol:nth-child(1)&quot; using: css selector
 ERROR: Unable to locate element: &quot;#protocolDetails .clone&quot; using: css selector
 ERROR: Unable to locate element: &quot;#protocolDetails .clone&quot; using: css selector
 ERROR: Unable to locate element: &quot;#lists .listItem:nth-child(5)&quot; using: css selector
 ERROR: Unable to locate element: &quot;#checklistPage&quot; using: css selector
 ERROR: Unable to locate element: &quot;#checklistTitle&quot; using: css selector
 ERROR: Unable to locate element: &quot;#newTaskInput&quot; using: css selector
 ERROR: Unable to locate element: &quot;#checklistPage .taskItem:nth-child(1)&quot; using: css selector
      </system-err>
  
    <testcase name="signed in user - can clone protocol from library" time="4.310" assertions="3">  <failure message="Testing if element &lt;#protocolDetails .clone&gt; is visible. Element could not be located.">    at Object.module.exports.signed in user - can clone protocol from library (/Users/abigailwatson/Code/ClinicalFramework/clinical-checklists/webapp/tests/nightwatch/walkthroughs/checklistWalkthrough.js:210:15)
    at Module.call (/usr/local/lib/node_modules/starrynight/node_modules/nightwatch/lib/runner/module.js:63:34)
    at /usr/local/lib/node_modules/starrynight/node_modules/nightwatch/lib/runner/testcase.js:97:29
    at _fulfilled (/usr/local/lib/node_modules/starrynight/node_modules/nightwatch/node_modules/q/q.js:834:54)
    at self.promiseDispatch.done (/usr/local/lib/node_modules/starrynight/node_modules/nightwatch/node_modules/q/q.js:863:30)
    at Promise.promise.promiseDispatch (/usr/local/lib/node_modules/starrynight/node_modules/nightwatch/node_modules/q/q.js:796:13)
    at /usr/local/lib/node_modules/starrynight/node_modules/nightwatch/node_modules/q/q.js:556:49
    at runSingle (/usr/local/lib/node_modules/starrynight/node_modules/nightwatch/node_modules/q/q.js:137:13)
    at flush (/usr/local/lib/node_modules/starrynight/node_modules/nightwatch/node_modules/q/q.js:125:13)
    at doNTCallback0 (node.js:407:9)</failure>

      <failure message="Testing if element &lt;#lists .listItem:nth-child(5)&gt; is present.">    at Object.module.exports.signed in user - can clone protocol from library (/Users/abigailwatson/Code/ClinicalFramework/clinical-checklists/webapp/tests/nightwatch/walkthroughs/checklistWalkthrough.js:212:15)
    at Module.call (/usr/local/lib/node_modules/starrynight/node_modules/nightwatch/lib/runner/module.js:63:34)
    at /usr/local/lib/node_modules/starrynight/node_modules/nightwatch/lib/runner/testcase.js:97:29
    at _fulfilled (/usr/local/lib/node_modules/starrynight/node_modules/nightwatch/node_modules/q/q.js:834:54)
    at self.promiseDispatch.done (/usr/local/lib/node_modules/starrynight/node_modules/nightwatch/node_modules/q/q.js:863:30)
    at Promise.promise.promiseDispatch (/usr/local/lib/node_modules/starrynight/node_modules/nightwatch/node_modules/q/q.js:796:13)
    at /usr/local/lib/node_modules/starrynight/node_modules/nightwatch/node_modules/q/q.js:556:49
    at runSingle (/usr/local/lib/node_modules/starrynight/node_modules/nightwatch/node_modules/q/q.js:137:13)
    at flush (/usr/local/lib/node_modules/starrynight/node_modules/nightwatch/node_modules/q/q.js:125:13)
    at doNTCallback0 (node.js:407:9)</failure>

      <failure message="Testing if element &lt;#lists .listItem:nth-child(5)&gt; contains text: &quot;Joe&#39;s Public List&quot;. Element could not be located.">    at Object.module.exports.signed in user - can clone protocol from library (/Users/abigailwatson/Code/ClinicalFramework/clinical-checklists/webapp/tests/nightwatch/walkthroughs/checklistWalkthrough.js:213:15)
    at Module.call (/usr/local/lib/node_modules/starrynight/node_modules/nightwatch/lib/runner/module.js:63:34)
    at /usr/local/lib/node_modules/starrynight/node_modules/nightwatch/lib/runner/testcase.js:97:29
    at _fulfilled (/usr/local/lib/node_modules/starrynight/node_modules/nightwatch/node_modules/q/q.js:834:54)
    at self.promiseDispatch.done (/usr/local/lib/node_modules/starrynight/node_modules/nightwatch/node_modules/q/q.js:863:30)
    at Promise.promise.promiseDispatch (/usr/local/lib/node_modules/starrynight/node_modules/nightwatch/node_modules/q/q.js:796:13)
    at /usr/local/lib/node_modules/starrynight/node_modules/nightwatch/node_modules/q/q.js:556:49
    at runSingle (/usr/local/lib/node_modules/starrynight/node_modules/nightwatch/node_modules/q/q.js:137:13)
    at flush (/usr/local/lib/node_modules/starrynight/node_modules/nightwatch/node_modules/q/q.js:125:13)
    at doNTCallback0 (node.js:407:9)</failure>

    
    </testcase>
      <system-err>
         ERROR: Unable to locate element: &quot;#protocolLibrary&quot; using: css selector
 ERROR: Unable to locate element: &quot;#searchBar&quot; using: css selector
 ERROR: Unable to locate element: &quot;#searchBar&quot; using: css selector
 ERROR: Unable to locate element: &quot;#protocolLibrary #protocolList .protocol:nth-child(1)&quot; using: css selector
 ERROR: Unable to locate element: &quot;#protocolLibrary #protocolList .protocol:nth-child(1)&quot; using: css selector
 ERROR: Unable to locate element: &quot;#protocolLibrary #protocolList .protocol:nth-child(1)&quot; using: css selector
 ERROR: Unable to locate element: &quot;#protocolDetails .clone&quot; using: css selector
 ERROR: Unable to locate element: &quot;#protocolDetails .clone&quot; using: css selector
 ERROR: Unable to locate element: &quot;#lists .listItem:nth-child(5)&quot; using: css selector
 ERROR: Unable to locate element: &quot;#checklistPage&quot; using: css selector
 ERROR: Unable to locate element: &quot;#checklistTitle&quot; using: css selector
 ERROR: Unable to locate element: &quot;#newTaskInput&quot; using: css selector
 ERROR: Unable to locate element: &quot;#checklistPage .taskItem:nth-child(1)&quot; using: css selector
      </system-err>
  
    <testcase name="anonymous user - can view public checklistPage with URL" time="4.342" assertions="4">  <failure message="Testing if element &lt;#checklistPage&gt; is visible. Element could not be located.">    at Object.module.exports.anonymous user - can view public checklistPage with URL (/Users/abigailwatson/Code/ClinicalFramework/clinical-checklists/webapp/tests/nightwatch/walkthroughs/checklistWalkthrough.js:218:17)
    at Module.call (/usr/local/lib/node_modules/starrynight/node_modules/nightwatch/lib/runner/module.js:63:34)
    at /usr/local/lib/node_modules/starrynight/node_modules/nightwatch/lib/runner/testcase.js:97:29
    at _fulfilled (/usr/local/lib/node_modules/starrynight/node_modules/nightwatch/node_modules/q/q.js:834:54)
    at self.promiseDispatch.done (/usr/local/lib/node_modules/starrynight/node_modules/nightwatch/node_modules/q/q.js:863:30)
    at Promise.promise.promiseDispatch (/usr/local/lib/node_modules/starrynight/node_modules/nightwatch/node_modules/q/q.js:796:13)
    at /usr/local/lib/node_modules/starrynight/node_modules/nightwatch/node_modules/q/q.js:556:49
    at runSingle (/usr/local/lib/node_modules/starrynight/node_modules/nightwatch/node_modules/q/q.js:137:13)
    at flush (/usr/local/lib/node_modules/starrynight/node_modules/nightwatch/node_modules/q/q.js:125:13)
    at doNTCallback0 (node.js:407:9)</failure>

      <failure message="Testing if element &lt;#checklistTitle&gt; is visible. Element could not be located.">    at Object.module.exports.anonymous user - can view public checklistPage with URL (/Users/abigailwatson/Code/ClinicalFramework/clinical-checklists/webapp/tests/nightwatch/walkthroughs/checklistWalkthrough.js:219:17)
    at Module.call (/usr/local/lib/node_modules/starrynight/node_modules/nightwatch/lib/runner/module.js:63:34)
    at /usr/local/lib/node_modules/starrynight/node_modules/nightwatch/lib/runner/testcase.js:97:29
    at _fulfilled (/usr/local/lib/node_modules/starrynight/node_modules/nightwatch/node_modules/q/q.js:834:54)
    at self.promiseDispatch.done (/usr/local/lib/node_modules/starrynight/node_modules/nightwatch/node_modules/q/q.js:863:30)
    at Promise.promise.promiseDispatch (/usr/local/lib/node_modules/starrynight/node_modules/nightwatch/node_modules/q/q.js:796:13)
    at /usr/local/lib/node_modules/starrynight/node_modules/nightwatch/node_modules/q/q.js:556:49
    at runSingle (/usr/local/lib/node_modules/starrynight/node_modules/nightwatch/node_modules/q/q.js:137:13)
    at flush (/usr/local/lib/node_modules/starrynight/node_modules/nightwatch/node_modules/q/q.js:125:13)
    at doNTCallback0 (node.js:407:9)</failure>

      <failure message="Testing if element &lt;#newTaskInput&gt; is hidden. Element could not be located.">    at Object.module.exports.anonymous user - can view public checklistPage with URL (/Users/abigailwatson/Code/ClinicalFramework/clinical-checklists/webapp/tests/nightwatch/walkthroughs/checklistWalkthrough.js:220:17)
    at Module.call (/usr/local/lib/node_modules/starrynight/node_modules/nightwatch/lib/runner/module.js:63:34)
    at /usr/local/lib/node_modules/starrynight/node_modules/nightwatch/lib/runner/testcase.js:97:29
    at _fulfilled (/usr/local/lib/node_modules/starrynight/node_modules/nightwatch/node_modules/q/q.js:834:54)
    at self.promiseDispatch.done (/usr/local/lib/node_modules/starrynight/node_modules/nightwatch/node_modules/q/q.js:863:30)
    at Promise.promise.promiseDispatch (/usr/local/lib/node_modules/starrynight/node_modules/nightwatch/node_modules/q/q.js:796:13)
    at /usr/local/lib/node_modules/starrynight/node_modules/nightwatch/node_modules/q/q.js:556:49
    at runSingle (/usr/local/lib/node_modules/starrynight/node_modules/nightwatch/node_modules/q/q.js:137:13)
    at flush (/usr/local/lib/node_modules/starrynight/node_modules/nightwatch/node_modules/q/q.js:125:13)
    at doNTCallback0 (node.js:407:9)</failure>

      <failure message="Testing if element &lt;#checklistPage .taskItem:nth-child(1)&gt; is visible. Element could not be located.">    at Object.module.exports.anonymous user - can view public checklistPage with URL (/Users/abigailwatson/Code/ClinicalFramework/clinical-checklists/webapp/tests/nightwatch/walkthroughs/checklistWalkthrough.js:221:17)
    at Module.call (/usr/local/lib/node_modules/starrynight/node_modules/nightwatch/lib/runner/module.js:63:34)
    at /usr/local/lib/node_modules/starrynight/node_modules/nightwatch/lib/runner/testcase.js:97:29
    at _fulfilled (/usr/local/lib/node_modules/starrynight/node_modules/nightwatch/node_modules/q/q.js:834:54)
    at self.promiseDispatch.done (/usr/local/lib/node_modules/starrynight/node_modules/nightwatch/node_modules/q/q.js:863:30)
    at Promise.promise.promiseDispatch (/usr/local/lib/node_modules/starrynight/node_modules/nightwatch/node_modules/q/q.js:796:13)
    at /usr/local/lib/node_modules/starrynight/node_modules/nightwatch/node_modules/q/q.js:556:49
    at runSingle (/usr/local/lib/node_modules/starrynight/node_modules/nightwatch/node_modules/q/q.js:137:13)
    at flush (/usr/local/lib/node_modules/starrynight/node_modules/nightwatch/node_modules/q/q.js:125:13)
    at doNTCallback0 (node.js:407:9)</failure>

    
    </testcase>
      <system-err>
         ERROR: Unable to locate element: &quot;#protocolLibrary&quot; using: css selector
 ERROR: Unable to locate element: &quot;#searchBar&quot; using: css selector
 ERROR: Unable to locate element: &quot;#searchBar&quot; using: css selector
 ERROR: Unable to locate element: &quot;#protocolLibrary #protocolList .protocol:nth-child(1)&quot; using: css selector
 ERROR: Unable to locate element: &quot;#protocolLibrary #protocolList .protocol:nth-child(1)&quot; using: css selector
 ERROR: Unable to locate element: &quot;#protocolLibrary #protocolList .protocol:nth-child(1)&quot; using: css selector
 ERROR: Unable to locate element: &quot;#protocolDetails .clone&quot; using: css selector
 ERROR: Unable to locate element: &quot;#protocolDetails .clone&quot; using: css selector
 ERROR: Unable to locate element: &quot;#lists .listItem:nth-child(5)&quot; using: css selector
 ERROR: Unable to locate element: &quot;#checklistPage&quot; using: css selector
 ERROR: Unable to locate element: &quot;#checklistTitle&quot; using: css selector
 ERROR: Unable to locate element: &quot;#newTaskInput&quot; using: css selector
 ERROR: Unable to locate element: &quot;#checklistPage .taskItem:nth-child(1)&quot; using: css selector
      </system-err>
  
  
  </testsuite>
</testsuites>
